[debug] [2025-04-05T01:28:09.579Z] ----------------------------------------------------------------------
[debug] [2025-04-05T01:28:09.582Z] Command:       C:\Program Files\nodejs\node.exe C:\Chula\Y3\SE2doc\GitHubActionPractice\node_modules\firebase-tools\lib\bin\firebase.js init hosting
[debug] [2025-04-05T01:28:09.582Z] CLI Version:   14.1.0
[debug] [2025-04-05T01:28:09.582Z] Platform:      win32
[debug] [2025-04-05T01:28:09.582Z] Node Version:  v22.14.0
[debug] [2025-04-05T01:28:09.582Z] Time:          Sat Apr 05 2025 08:28:09 GMT+0700 (เวลาอินโดจีน)
[debug] [2025-04-05T01:28:09.583Z] ----------------------------------------------------------------------
[debug] 
[debug] [2025-04-05T01:28:09.759Z] > command requires scopes: ["email","openid","https://www.googleapis.com/auth/cloudplatformprojects.readonly","https://www.googleapis.com/auth/firebase","https://www.googleapis.com/auth/cloud-platform"]
[debug] [2025-04-05T01:28:09.759Z] > authorizing via signed-in user (6532124121@student.chula.ac.th)
[info] 
     ######## #### ########  ######## ########     ###     ######  ########
     ##        ##  ##     ## ##       ##     ##  ##   ##  ##       ##
     ######    ##  ########  ######   ########  #########  ######  ######
     ##        ##  ##    ##  ##       ##     ## ##     ##       ## ##
     ##       #### ##     ## ######## ########  ##     ##  ######  ########

You're about to initialize a Firebase project in this directory:

  C:\Chula\Y3\SE2doc\GitHubActionPractice

Before we get started, keep in mind:

  * You are currently outside your home directory
  * You are initializing within an existing Firebase project directory

[info] 
=== Project Setup
[info] 
[info] First, let's associate this project directory with a Firebase project.
[info] You can create multiple project aliases by running firebase use --add, 
[info] but for now we'll just set up a default project.
[info] 
[debug] [2025-04-05T01:28:13.190Z] Using project from CLI flag: fireship-lessons
[debug] [2025-04-05T01:28:13.191Z] Checked if tokens are valid: true, expires at: 1743820051384
[debug] [2025-04-05T01:28:13.191Z] Checked if tokens are valid: true, expires at: 1743820051384
[debug] [2025-04-05T01:28:13.192Z] >>> [apiv2][query] GET https://firebase.googleapis.com/v1beta1/projects/fireship-lessons [none]
[debug] [2025-04-05T01:28:14.078Z] <<< [apiv2][status] GET https://firebase.googleapis.com/v1beta1/projects/fireship-lessons 403
[debug] [2025-04-05T01:28:14.078Z] <<< [apiv2][body] GET https://firebase.googleapis.com/v1beta1/projects/fireship-lessons {"error":{"code":403,"message":"The caller does not have permission","status":"PERMISSION_DENIED"}}
[debug] [2025-04-05T01:28:14.079Z] Request to https://firebase.googleapis.com/v1beta1/projects/fireship-lessons had HTTP Error: 403, The caller does not have permission
[debug] [2025-04-05T01:28:14.355Z] FirebaseError: Request to https://firebase.googleapis.com/v1beta1/projects/fireship-lessons had HTTP Error: 403, The caller does not have permission
    at responseToError (C:\Chula\Y3\SE2doc\GitHubActionPractice\node_modules\firebase-tools\lib\responseToError.js:52:12)
    at RetryOperation._fn (C:\Chula\Y3\SE2doc\GitHubActionPractice\node_modules\firebase-tools\lib\apiv2.js:312:77)
    at process.processTicksAndRejections (node:internal/process/task_queues:105:5)
[error] 
[error] Error: Failed to get Firebase project fireship-lessons. Please make sure the project exists and your account has permission to access it.
[debug] [2025-04-05T01:29:07.593Z] ----------------------------------------------------------------------
[debug] [2025-04-05T01:29:07.595Z] Command:       C:\Program Files\nodejs\node.exe C:\Chula\Y3\SE2doc\GitHubActionPractice\node_modules\firebase-tools\lib\bin\firebase.js init hosting
[debug] [2025-04-05T01:29:07.596Z] CLI Version:   14.1.0
[debug] [2025-04-05T01:29:07.596Z] Platform:      win32
[debug] [2025-04-05T01:29:07.596Z] Node Version:  v22.14.0
[debug] [2025-04-05T01:29:07.596Z] Time:          Sat Apr 05 2025 08:29:07 GMT+0700 (เวลาอินโดจีน)
[debug] [2025-04-05T01:29:07.596Z] ----------------------------------------------------------------------
[debug] 
[debug] [2025-04-05T01:29:07.764Z] > command requires scopes: ["email","openid","https://www.googleapis.com/auth/cloudplatformprojects.readonly","https://www.googleapis.com/auth/firebase","https://www.googleapis.com/auth/cloud-platform"]
[debug] [2025-04-05T01:29:07.764Z] > authorizing via signed-in user (6532124121@student.chula.ac.th)
[info] 
     ######## #### ########  ######## ########     ###     ######  ########
     ##        ##  ##     ## ##       ##     ##  ##   ##  ##       ##
     ######    ##  ########  ######   ########  #########  ######  ######
     ##        ##  ##    ##  ##       ##     ## ##     ##       ## ##
     ##       #### ##     ## ######## ########  ##     ##  ######  ########

You're about to initialize a Firebase project in this directory:

  C:\Chula\Y3\SE2doc\GitHubActionPractice

Before we get started, keep in mind:

  * You are currently outside your home directory
  * You are initializing within an existing Firebase project directory

[info] 
=== Project Setup
[info] 
[info] First, let's associate this project directory with a Firebase project.
[info] You can create multiple project aliases by running firebase use --add, 
[info] but for now we'll just set up a default project.
[info] 
[debug] [2025-04-05T01:30:09.412Z] Using project from CLI flag: fireship-lessons
[debug] [2025-04-05T01:30:09.413Z] Checked if tokens are valid: true, expires at: 1743820051384
[debug] [2025-04-05T01:30:09.413Z] Checked if tokens are valid: true, expires at: 1743820051384
[debug] [2025-04-05T01:30:09.414Z] >>> [apiv2][query] GET https://firebase.googleapis.com/v1beta1/projects/fireship-lessons [none]
[debug] [2025-04-05T01:30:10.188Z] <<< [apiv2][status] GET https://firebase.googleapis.com/v1beta1/projects/fireship-lessons 403
[debug] [2025-04-05T01:30:10.188Z] <<< [apiv2][body] GET https://firebase.googleapis.com/v1beta1/projects/fireship-lessons {"error":{"code":403,"message":"The caller does not have permission","status":"PERMISSION_DENIED"}}
[debug] [2025-04-05T01:30:10.189Z] Request to https://firebase.googleapis.com/v1beta1/projects/fireship-lessons had HTTP Error: 403, The caller does not have permission
[debug] [2025-04-05T01:30:10.436Z] FirebaseError: Request to https://firebase.googleapis.com/v1beta1/projects/fireship-lessons had HTTP Error: 403, The caller does not have permission
    at responseToError (C:\Chula\Y3\SE2doc\GitHubActionPractice\node_modules\firebase-tools\lib\responseToError.js:52:12)
    at RetryOperation._fn (C:\Chula\Y3\SE2doc\GitHubActionPractice\node_modules\firebase-tools\lib\apiv2.js:312:77)
    at process.processTicksAndRejections (node:internal/process/task_queues:105:5)
[error] 
[error] Error: Failed to get Firebase project fireship-lessons. Please make sure the project exists and your account has permission to access it.
